#-----------------------------------------------------------
# Vivado v2018.3 (64-bit)
# SW Build 2405991 on Thu Dec  6 23:38:27 MST 2018
# IP Build 2404404 on Fri Dec  7 01:43:56 MST 2018
# Start of session at: Wed Oct 19 17:34:17 2022
# Process ID: 3728
# Current directory: E:/xintu_work/fifo/fifo
# Command line: vivado.exe -gui_launcher_event rodinguilauncherevent13952 E:\xintu_work\fifo\fifo\fifo.xpr
# Log file: E:/xintu_work/fifo/fifo/vivado.log
# Journal file: E:/xintu_work/fifo/fifo\vivado.jou
#-----------------------------------------------------------
start_gui
open_project E:/xintu_work/fifo/fifo/fifo.xpr
Scanning sources...
Finished scanning sources
WARNING: [filemgmt 56-3] IPUserFilesDir: Could not find the directory 'E:/xintu_work/fifo/fifo/fifo.ip_user_files'.
INFO: [IP_Flow 19-234] Refreshing IP repositories
INFO: [IP_Flow 19-1704] No user IP repositories specified
INFO: [IP_Flow 19-2313] Loaded Vivado IP repository 'D:/Xilinx/Vivado/2018.3/data/ip'.
update_compile_order -fileset sources_1
INFO: [Device 21-403] Loading part xc7vx485tffg1157-1
WARNING: [IP_Flow 19-4067] Ignoring invalid widget type specified checkbox.Providing a default widget
WARNING: [IP_Flow 19-4067] Ignoring invalid widget type specified checkbox.Providing a default widget
create_ip -name blk_mem_gen -vendor xilinx.com -library ip -version 8.4 -module_name sdp_ram_ip -dir e:/xintu_work/fifo/fifo/fifo.srcs/sources_1/ip
set_property -dict [list CONFIG.Component_Name {sdp_ram_ip} CONFIG.Memory_Type {Simple_Dual_Port_RAM} CONFIG.Write_Width_A {8} CONFIG.Write_Depth_A {8} CONFIG.Read_Width_A {8} CONFIG.Operating_Mode_A {WRITE_FIRST} CONFIG.Write_Width_B {8} CONFIG.Read_Width_B {8} CONFIG.Enable_B {Use_ENB_Pin} CONFIG.Register_PortA_Output_of_Memory_Primitives {false} CONFIG.Register_PortB_Output_of_Memory_Primitives {false} CONFIG.Port_B_Clock {100} CONFIG.Port_B_Enable_Rate {100}] [get_ips sdp_ram_ip]
WARNING: [Vivado 12-3523] Attempt to change 'Component_Name' from 'sdp_ram_ip' to 'sdp_ram_ip' is not allowed and is ignored.
generate_target {instantiation_template} [get_files e:/xintu_work/fifo/fifo/fifo.srcs/sources_1/ip/sdp_ram_ip/sdp_ram_ip.xci]
INFO: [IP_Flow 19-1686] Generating 'Instantiation Template' target for IP 'sdp_ram_ip'...
generate_target all [get_files  e:/xintu_work/fifo/fifo/fifo.srcs/sources_1/ip/sdp_ram_ip/sdp_ram_ip.xci]
INFO: [IP_Flow 19-1686] Generating 'Synthesis' target for IP 'sdp_ram_ip'...
INFO: [IP_Flow 19-1686] Generating 'Simulation' target for IP 'sdp_ram_ip'...
INFO: [IP_Flow 19-1686] Generating 'Miscellaneous' target for IP 'sdp_ram_ip'...
INFO: [IP_Flow 19-1686] Generating 'Change Log' target for IP 'sdp_ram_ip'...
catch { config_ip_cache -export [get_ips -all sdp_ram_ip] }
export_ip_user_files -of_objects [get_files e:/xintu_work/fifo/fifo/fifo.srcs/sources_1/ip/sdp_ram_ip/sdp_ram_ip.xci] -no_script -sync -force -quiet
create_ip_run [get_files -of_objects [get_fileset sources_1] e:/xintu_work/fifo/fifo/fifo.srcs/sources_1/ip/sdp_ram_ip/sdp_ram_ip.xci]
launch_runs -jobs 10 sdp_ram_ip_synth_1
[Wed Oct 19 17:37:13 2022] Launched sdp_ram_ip_synth_1...
Run output will be captured here: E:/xintu_work/fifo/fifo/fifo.runs/sdp_ram_ip_synth_1/runme.log
export_simulation -of_objects [get_files e:/xintu_work/fifo/fifo/fifo.srcs/sources_1/ip/sdp_ram_ip/sdp_ram_ip.xci] -directory E:/xintu_work/fifo/fifo/fifo.ip_user_files/sim_scripts -ip_user_files_dir E:/xintu_work/fifo/fifo/fifo.ip_user_files -ipstatic_source_dir E:/xintu_work/fifo/fifo/fifo.ip_user_files/ipstatic -lib_map_path [list {modelsim=E:/xintu_work/fifo/fifo/fifo.cache/compile_simlib/modelsim} {questa=E:/xintu_work/fifo/fifo/fifo.cache/compile_simlib/questa} {riviera=E:/xintu_work/fifo/fifo/fifo.cache/compile_simlib/riviera} {activehdl=E:/xintu_work/fifo/fifo/fifo.cache/compile_simlib/activehdl}] -use_ip_compiled_libs -force -quiet
reset_run synth_1
WARNING: [Vivado 12-1017] Problems encountered:
1. Failed to delete one or more files in run directory E:/xintu_work/fifo/fifo/fifo.runs/synth_1

launch_runs impl_1 -jobs 10
[Wed Oct 19 17:37:54 2022] Launched synth_1...
Run output will be captured here: E:/xintu_work/fifo/fifo/fifo.runs/synth_1/runme.log
[Wed Oct 19 17:37:54 2022] Launched impl_1...
Run output will be captured here: E:/xintu_work/fifo/fifo/fifo.runs/impl_1/runme.log
reset_run synth_1
launch_runs impl_1 -jobs 10
[Wed Oct 19 17:41:38 2022] Launched synth_1...
Run output will be captured here: E:/xintu_work/fifo/fifo/fifo.runs/synth_1/runme.log
[Wed Oct 19 17:41:38 2022] Launched impl_1...
Run output will be captured here: E:/xintu_work/fifo/fifo/fifo.runs/impl_1/runme.log
reset_run synth_1
launch_runs impl_1 -jobs 10
[Wed Oct 19 17:49:16 2022] Launched synth_1...
Run output will be captured here: E:/xintu_work/fifo/fifo/fifo.runs/synth_1/runme.log
[Wed Oct 19 17:49:16 2022] Launched impl_1...
Run output will be captured here: E:/xintu_work/fifo/fifo/fifo.runs/impl_1/runme.log
exit
INFO: [Common 17-206] Exiting Vivado at Thu Oct 20 10:31:56 2022...
