#-----------------------------------------------------------
# Vivado v2018.3 (64-bit)
# SW Build 2405991 on Thu Dec  6 23:38:27 MST 2018
# IP Build 2404404 on Fri Dec  7 01:43:56 MST 2018
# Start of session at: Fri Oct 14 09:47:34 2022
# Process ID: 400
# Current directory: E:/xintu_work/ram/ram_ip
# Command line: vivado.exe -gui_launcher_event rodinguilauncherevent5196 E:\xintu_work\ram\ram_ip\ram_ip.xpr
# Log file: E:/xintu_work/ram/ram_ip/vivado.log
# Journal file: E:/xintu_work/ram/ram_ip\vivado.jou
#-----------------------------------------------------------
start_gui
open_project E:/xintu_work/ram/ram_ip/ram_ip.xpr
Scanning sources...
Finished scanning sources
INFO: [IP_Flow 19-234] Refreshing IP repositories
INFO: [IP_Flow 19-1704] No user IP repositories specified
INFO: [IP_Flow 19-2313] Loaded Vivado IP repository 'D:/Xilinx/Vivado/2018.3/data/ip'.
open_project: Time (s): cpu = 00:00:08 ; elapsed = 00:00:06 . Memory (MB): peak = 820.957 ; gain = 155.641
update_compile_order -fileset sources_1
INFO: [Device 21-403] Loading part xc7vx485tffg1157-1
WARNING: [IP_Flow 19-4067] Ignoring invalid widget type specified checkbox.Providing a default widget
WARNING: [IP_Flow 19-4067] Ignoring invalid widget type specified checkbox.Providing a default widget
exit
INFO: [Common 17-206] Exiting Vivado at Fri Oct 14 09:48:31 2022...
