#-----------------------------------------------------------
# Vivado v2018.3 (64-bit)
# SW Build 2405991 on Thu Dec  6 23:38:27 MST 2018
# IP Build 2404404 on Fri Dec  7 01:43:56 MST 2018
# Start of session at: Mon Oct 17 09:05:57 2022
# Process ID: 5076
# Current directory: E:/xintu_work/ram/ram
# Command line: vivado.exe -gui_launcher_event rodinguilauncherevent1588 E:\xintu_work\ram\ram\ram.xpr
# Log file: E:/xintu_work/ram/ram/vivado.log
# Journal file: E:/xintu_work/ram/ram\vivado.jou
#-----------------------------------------------------------
start_gui
open_project E:/xintu_work/ram/ram/ram.xpr
Scanning sources...
Finished scanning sources
INFO: [IP_Flow 19-234] Refreshing IP repositories
INFO: [IP_Flow 19-1704] No user IP repositories specified
INFO: [IP_Flow 19-2313] Loaded Vivado IP repository 'D:/Xilinx/Vivado/2018.3/data/ip'.
open_project: Time (s): cpu = 00:00:13 ; elapsed = 00:00:14 . Memory (MB): peak = 794.992 ; gain = 150.371
update_compile_order -fileset sources_1
exit
INFO: [Common 17-206] Exiting Vivado at Mon Oct 17 14:12:51 2022...
as been returned to its previous state.
INFO: [Common 17-344] 'open_project' was cancelled
exit
INFO: [Common 17-206] Exiting Vivado at Mon Oct 17 09:06:17 2022...
